\BOOKMARK [1][-]{section.1}{Introduction}{}% 1
\BOOKMARK [2][-]{subsection.1.1}{Motivation}{section.1}% 2
\BOOKMARK [2][-]{subsection.1.2}{Our contributions}{section.1}% 3
\BOOKMARK [2][-]{subsection.1.3}{Related work}{section.1}% 4
\BOOKMARK [2][-]{subsection.1.4}{Notation and organization}{section.1}% 5
\BOOKMARK [1][-]{section.2}{Sign representable tensor model}{}% 6
\BOOKMARK [2][-]{subsection.2.1}{Signal tensor model}{section.2}% 7
\BOOKMARK [2][-]{subsection.2.2}{Noise tensor model}{section.2}% 8
\BOOKMARK [2][-]{subsection.2.3}{Important examples}{section.2}% 9
\BOOKMARK [1][-]{section.3}{Algebraic properties of sign representable tensors}{}% 10
\BOOKMARK [1][-]{section.4}{Statistical properties of sign representable tensors}{}% 11
\BOOKMARK [2][-]{subsection.4.1}{Classification risk with l1 weights}{section.4}% 12
\BOOKMARK [2][-]{subsection.4.2}{Uniquness of risk minimizer}{section.4}% 13
\BOOKMARK [2][-]{subsection.4.3}{Why not lq weight for q=1?}{section.4}% 14
\BOOKMARK [1][-]{section.5}{Finite sample accuracy for signal tensor estimation}{}% 15
\BOOKMARK [2][-]{subsection.5.1}{Learning-reduction framework to signal estimation}{section.5}% 16
\BOOKMARK [2][-]{subsection.5.2}{Implementation details}{section.5}% 17
\BOOKMARK [2][-]{subsection.5.3}{Finite sample accuracy}{section.5}% 18
\BOOKMARK [2][-]{subsection.5.4}{Revisiting earlier examples}{section.5}% 19
\BOOKMARK [1][-]{section.6}{Extensions}{}% 20
\BOOKMARK [2][-]{subsection.6.1}{Sub-Gaussian tensor denoising}{section.6}% 21
\BOOKMARK [2][-]{subsection.6.2}{Probabilistic tensor estimation}{section.6}% 22
\BOOKMARK [2][-]{subsection.6.3}{Binomial tensor problem}{section.6}% 23
\BOOKMARK [2][-]{subsection.6.4}{Extension to hinge loss}{section.6}% 24
\BOOKMARK [1][-]{section.7}{Numerical experiment}{}% 25
\BOOKMARK [2][-]{subsection.7.1}{Synthetic data}{section.7}% 26
\BOOKMARK [2][-]{subsection.7.2}{Brain connectivity analysis}{section.7}% 27
\BOOKMARK [2][-]{subsection.7.3}{NIPS data analysis}{section.7}% 28
\BOOKMARK [1][-]{section.8}{Discussion}{}% 29
\BOOKMARK [1][-]{section.1}{Experimental details in Section 1.1}{}% 30
\BOOKMARK [1][-]{section.2}{Proofs of theory in Section 3}{}% 31
\BOOKMARK [2][-]{subsection.2.1}{Proofs of Propositions 1-3}{section.2}% 32
\BOOKMARK [1][-]{section.3}{Proofs of Theory in Section 4}{}% 33
\BOOKMARK [2][-]{subsection.3.1}{Proof of Theorem 1}{section.3}% 34
\BOOKMARK [2][-]{subsection.3.2}{Proof of Theorem 2}{section.3}% 35
\BOOKMARK [2][-]{subsection.3.3}{Proof of Theorem 3}{section.3}% 36
\BOOKMARK [1][-]{section.4}{Proof of Theory in Section 5}{}% 37
\BOOKMARK [2][-]{subsection.4.1}{Proof of sign tensor estimation}{section.4}% 38
\BOOKMARK [2][-]{subsection.4.2}{Proof of signal estimation error}{section.4}% 39
\BOOKMARK [2][-]{subsection.4.3}{Proof of Corollary 1}{section.4}% 40
\BOOKMARK [1][-]{section.5}{Proofs of Theory in Section 6}{}% 41
\BOOKMARK [2][-]{subsection.5.1}{Proof of Corollary 2}{section.5}% 42
\BOOKMARK [2][-]{subsection.5.2}{Proofs of Corollary 3 and Corollary 4}{section.5}% 43
\BOOKMARK [2][-]{subsection.5.3}{Proof of Theorem 5}{section.5}% 44
