This is pdfTeX, Version 3.14159265-2.6-1.40.19 (TeX Live 2018) (preloaded format=pdflatex 2018.4.16)  1 FEB 2021 21:55
entering extended mode
 restricted \write18 enabled.
 file:line:error style messages enabled.
 %&-line parsing enabled.
**talk_signT_full.tex
(./talk_signT_full.tex
LaTeX2e <2018-04-01> patch level 2
Babel <3.18> and hyphenation patterns for 84 language(s) loaded.
(/usr/local/texlive/2018/texmf-dist/tex/latex/beamer/beamer.cls
Document Class: beamer 2018/02/20 v3.50 A class for typesetting presentations
(/usr/local/texlive/2018/texmf-dist/tex/latex/beamer/beamerbasemodes.sty
(/usr/local/texlive/2018/texmf-dist/tex/latex/etoolbox/etoolbox.sty
Package: etoolbox 2018/02/11 v2.5e e-TeX tools for LaTeX (JAW)
\etb@tempcnta=\count80
)
\beamer@tempbox=\box26
\beamer@tempcount=\count81
\c@beamerpauses=\count82

(/usr/local/texlive/2018/texmf-dist/tex/latex/beamer/beamerbasedecode.sty
\beamer@slideinframe=\count83
\beamer@minimum=\count84
)
\beamer@commentbox=\box27
\beamer@modecount=\count85
)
(/usr/local/texlive/2018/texmf-dist/tex/generic/oberdiek/ifpdf.sty
Package: ifpdf 2017/03/15 v3.2 Provides the ifpdf switch
)
\headdp=\dimen102
\footheight=\dimen103
\sidebarheight=\dimen104
\beamer@tempdim=\dimen105
\beamer@finalheight=\dimen106
\beamer@animht=\dimen107
\beamer@animdp=\dimen108
\beamer@animwd=\dimen109
\beamer@leftmargin=\dimen110
\beamer@rightmargin=\dimen111
\beamer@leftsidebar=\dimen112
\beamer@rightsidebar=\dimen113
\beamer@boxsize=\dimen114
\beamer@vboxoffset=\dimen115
\beamer@descdefault=\dimen116
\beamer@descriptionwidth=\dimen117
\beamer@lastskip=\skip41
\beamer@areabox=\box28
\beamer@animcurrent=\box29
\beamer@animshowbox=\box30
\beamer@sectionbox=\box31
\beamer@logobox=\box32
\beamer@linebox=\box33
\beamer@sectioncount=\count86
\beamer@subsubsectionmax=\count87
\beamer@subsectionmax=\count88
\beamer@sectionmax=\count89
\beamer@totalheads=\count90
\beamer@headcounter=\count91
\beamer@partstartpage=\count92
\beamer@sectionstartpage=\count93
\beamer@subsectionstartpage=\count94
\beamer@animationtempa=\count95
\beamer@animationtempb=\count96
\beamer@xpos=\count97
\beamer@ypos=\count98
\beamer@ypos@offset=\count99
\beamer@showpartnumber=\count100
\beamer@currentsubsection=\count101
\beamer@coveringdepth=\count102
\beamer@sectionadjust=\count103
\beamer@tocsectionnumber=\count104

(/usr/local/texlive/2018/texmf-dist/tex/latex/beamer/beamerbaseoptions.sty
(/usr/local/texlive/2018/texmf-dist/tex/latex/graphics/keyval.sty
Package: keyval 2014/10/28 v1.15 key=value parser (DPC)
\KV@toks@=\toks14
))
\beamer@paperwidth=\skip42
\beamer@paperheight=\skip43

(/usr/local/texlive/2018/texmf-dist/tex/latex/geometry/geometry.sty
Package: geometry 2018/03/24 v5.7 Page Geometry

(/usr/local/texlive/2018/texmf-dist/tex/generic/oberdiek/ifvtex.sty
Package: ifvtex 2016/05/16 v1.6 Detect VTeX and its facilities (HO)
Package ifvtex Info: VTeX not detected.
)
(/usr/local/texlive/2018/texmf-dist/tex/generic/ifxetex/ifxetex.sty
Package: ifxetex 2010/09/12 v0.6 Provides ifxetex conditional
)
\Gm@cnth=\count105
\Gm@cntv=\count106
\c@Gm@tempcnt=\count107
\Gm@bindingoffset=\dimen118
\Gm@wd@mp=\dimen119
\Gm@odd@mp=\dimen120
\Gm@even@mp=\dimen121
\Gm@layoutwidth=\dimen122
\Gm@layoutheight=\dimen123
\Gm@layouthoffset=\dimen124
\Gm@layoutvoffset=\dimen125
\Gm@dimlist=\toks15
)

Class beamer Warning: ``mathserif'' is obsolete. Use font theme ``serif'' with 
option ``onlymath'' on input line 336.

(/usr/local/texlive/2018/texmf-dist/tex/latex/base/size10.clo
File: size10.clo 2014/09/29 v1.4h Standard LaTeX file (size option)
)
(/usr/local/texlive/2018/texmf-dist/tex/latex/pgf/basiclayer/pgfcore.sty
(/usr/local/texlive/2018/texmf-dist/tex/latex/graphics/graphicx.sty
Package: graphicx 2017/06/01 v1.1a Enhanced LaTeX Graphics (DPC,SPQR)

(/usr/local/texlive/2018/texmf-dist/tex/latex/graphics/graphics.sty
Package: graphics 2017/06/25 v1.2c Standard LaTeX Graphics (DPC,SPQR)

(/usr/local/texlive/2018/texmf-dist/tex/latex/graphics/trig.sty
Package: trig 2016/01/03 v1.10 sin cos tan (DPC)
)
(/usr/local/texlive/2018/texmf-dist/tex/latex/graphics-cfg/graphics.cfg
File: graphics.cfg 2016/06/04 v1.11 sample graphics configuration
)
Package graphics Info: Driver file: pdftex.def on input line 99.

(/usr/local/texlive/2018/texmf-dist/tex/latex/graphics-def/pdftex.def
File: pdftex.def 2018/01/08 v1.0l Graphics/color driver for pdftex
))
\Gin@req@height=\dimen126
\Gin@req@width=\dimen127
)
(/usr/local/texlive/2018/texmf-dist/tex/latex/pgf/systemlayer/pgfsys.sty
(/usr/local/texlive/2018/texmf-dist/tex/latex/pgf/utilities/pgfrcs.sty
(/usr/local/texlive/2018/texmf-dist/tex/generic/pgf/utilities/pgfutil-common.te
x
\pgfutil@everybye=\toks16
\pgfutil@tempdima=\dimen128
\pgfutil@tempdimb=\dimen129

(/usr/local/texlive/2018/texmf-dist/tex/generic/pgf/utilities/pgfutil-common-li
sts.tex))
(/usr/local/texlive/2018/texmf-dist/tex/generic/pgf/utilities/pgfutil-latex.def
\pgfutil@abb=\box34
(/usr/local/texlive/2018/texmf-dist/tex/latex/ms/everyshi.sty
Package: everyshi 2001/05/15 v3.00 EveryShipout Package (MS)
))
(/usr/local/texlive/2018/texmf-dist/tex/generic/pgf/utilities/pgfrcs.code.tex
Package: pgfrcs 2015/08/07 v3.0.1a (rcs-revision 1.31)
))
(/usr/local/texlive/2018/texmf-dist/tex/generic/pgf/systemlayer/pgfsys.code.tex
Package: pgfsys 2014/07/09 v3.0.1a (rcs-revision 1.48)
(/usr/local/texlive/2018/texmf-dist/tex/generic/pgf/utilities/pgfkeys.code.tex
\pgfkeys@pathtoks=\toks17
\pgfkeys@temptoks=\toks18

(/usr/local/texlive/2018/texmf-dist/tex/generic/pgf/utilities/pgfkeysfiltered.c
ode.tex
\pgfkeys@tmptoks=\toks19
))
\pgf@x=\dimen130
\pgf@y=\dimen131
\pgf@xa=\dimen132
\pgf@ya=\dimen133
\pgf@xb=\dimen134
\pgf@yb=\dimen135
\pgf@xc=\dimen136
\pgf@yc=\dimen137
\w@pgf@writea=\write3
\r@pgf@reada=\read1
\c@pgf@counta=\count108
\c@pgf@countb=\count109
\c@pgf@countc=\count110
\c@pgf@countd=\count111
\t@pgf@toka=\toks20
\t@pgf@tokb=\toks21
\t@pgf@tokc=\toks22

(/usr/local/texlive/2018/texmf-dist/tex/generic/pgf/systemlayer/pgf.cfg
File: pgf.cfg 2008/05/14  (rcs-revision 1.7)
)
Driver file for pgf: pgfsys-pdftex.def

(/usr/local/texlive/2018/texmf-dist/tex/generic/pgf/systemlayer/pgfsys-pdftex.d
ef
File: pgfsys-pdftex.def 2014/10/11  (rcs-revision 1.35)

(/usr/local/texlive/2018/texmf-dist/tex/generic/pgf/systemlayer/pgfsys-common-p
df.def
File: pgfsys-common-pdf.def 2013/10/10  (rcs-revision 1.13)
)))
(/usr/local/texlive/2018/texmf-dist/tex/generic/pgf/systemlayer/pgfsyssoftpath.
code.tex
File: pgfsyssoftpath.code.tex 2013/09/09  (rcs-revision 1.9)
\pgfsyssoftpath@smallbuffer@items=\count112
\pgfsyssoftpath@bigbuffer@items=\count113
)
(/usr/local/texlive/2018/texmf-dist/tex/generic/pgf/systemlayer/pgfsysprotocol.
code.tex
File: pgfsysprotocol.code.tex 2006/10/16  (rcs-revision 1.4)
)) (/usr/local/texlive/2018/texmf-dist/tex/latex/xcolor/xcolor.sty
Package: xcolor 2016/05/11 v2.12 LaTeX color extensions (UK)

(/usr/local/texlive/2018/texmf-dist/tex/latex/graphics-cfg/color.cfg
File: color.cfg 2016/01/02 v1.6 sample color configuration
)
Package xcolor Info: Driver file: pdftex.def on input line 225.
Package xcolor Info: Model `cmy' substituted by `cmy0' on input line 1348.
Package xcolor Info: Model `hsb' substituted by `rgb' on input line 1352.
Package xcolor Info: Model `RGB' extended on input line 1364.
Package xcolor Info: Model `HTML' substituted by `rgb' on input line 1366.
Package xcolor Info: Model `Hsb' substituted by `hsb' on input line 1367.
Package xcolor Info: Model `tHsb' substituted by `hsb' on input line 1368.
Package xcolor Info: Model `HSB' substituted by `hsb' on input line 1369.
Package xcolor Info: Model `Gray' substituted by `gray' on input line 1370.
Package xcolor Info: Model `wave' substituted by `hsb' on input line 1371.
)
(/usr/local/texlive/2018/texmf-dist/tex/generic/pgf/basiclayer/pgfcore.code.tex
Package: pgfcore 2010/04/11 v3.0.1a (rcs-revision 1.7)
(/usr/local/texlive/2018/texmf-dist/tex/generic/pgf/math/pgfmath.code.tex
(/usr/local/texlive/2018/texmf-dist/tex/generic/pgf/math/pgfmathcalc.code.tex
(/usr/local/texlive/2018/texmf-dist/tex/generic/pgf/math/pgfmathutil.code.tex)
(/usr/local/texlive/2018/texmf-dist/tex/generic/pgf/math/pgfmathparser.code.tex
\pgfmath@dimen=\dimen138
\pgfmath@count=\count114
\pgfmath@box=\box35
\pgfmath@toks=\toks23
\pgfmath@stack@operand=\toks24
\pgfmath@stack@operation=\toks25
)
(/usr/local/texlive/2018/texmf-dist/tex/generic/pgf/math/pgfmathfunctions.code.
tex
(/usr/local/texlive/2018/texmf-dist/tex/generic/pgf/math/pgfmathfunctions.basic
.code.tex)
(/usr/local/texlive/2018/texmf-dist/tex/generic/pgf/math/pgfmathfunctions.trigo
nometric.code.tex)
(/usr/local/texlive/2018/texmf-dist/tex/generic/pgf/math/pgfmathfunctions.rando
m.code.tex)
(/usr/local/texlive/2018/texmf-dist/tex/generic/pgf/math/pgfmathfunctions.compa
rison.code.tex)
(/usr/local/texlive/2018/texmf-dist/tex/generic/pgf/math/pgfmathfunctions.base.
code.tex)
(/usr/local/texlive/2018/texmf-dist/tex/generic/pgf/math/pgfmathfunctions.round
.code.tex)
(/usr/local/texlive/2018/texmf-dist/tex/generic/pgf/math/pgfmathfunctions.misc.
code.tex)
(/usr/local/texlive/2018/texmf-dist/tex/generic/pgf/math/pgfmathfunctions.integ
erarithmetics.code.tex)))
(/usr/local/texlive/2018/texmf-dist/tex/generic/pgf/math/pgfmathfloat.code.tex
\c@pgfmathroundto@lastzeros=\count115
))
(/usr/local/texlive/2018/texmf-dist/tex/generic/pgf/basiclayer/pgfcorepoints.co
de.tex
File: pgfcorepoints.code.tex 2013/10/07  (rcs-revision 1.27)
\pgf@picminx=\dimen139
\pgf@picmaxx=\dimen140
\pgf@picminy=\dimen141
\pgf@picmaxy=\dimen142
\pgf@pathminx=\dimen143
\pgf@pathmaxx=\dimen144
\pgf@pathminy=\dimen145
\pgf@pathmaxy=\dimen146
\pgf@xx=\dimen147
\pgf@xy=\dimen148
\pgf@yx=\dimen149
\pgf@yy=\dimen150
\pgf@zx=\dimen151
\pgf@zy=\dimen152
)
(/usr/local/texlive/2018/texmf-dist/tex/generic/pgf/basiclayer/pgfcorepathconst
ruct.code.tex
File: pgfcorepathconstruct.code.tex 2013/10/07  (rcs-revision 1.29)
\pgf@path@lastx=\dimen153
\pgf@path@lasty=\dimen154
)
(/usr/local/texlive/2018/texmf-dist/tex/generic/pgf/basiclayer/pgfcorepathusage
.code.tex
File: pgfcorepathusage.code.tex 2014/11/02  (rcs-revision 1.24)
\pgf@shorten@end@additional=\dimen155
\pgf@shorten@start@additional=\dimen156
)
(/usr/local/texlive/2018/texmf-dist/tex/generic/pgf/basiclayer/pgfcorescopes.co
de.tex
File: pgfcorescopes.code.tex 2015/05/08  (rcs-revision 1.46)
\pgfpic=\box36
\pgf@hbox=\box37
\pgf@layerbox@main=\box38
\pgf@picture@serial@count=\count116
)
(/usr/local/texlive/2018/texmf-dist/tex/generic/pgf/basiclayer/pgfcoregraphicst
ate.code.tex
File: pgfcoregraphicstate.code.tex 2014/11/02  (rcs-revision 1.12)
\pgflinewidth=\dimen157
)
(/usr/local/texlive/2018/texmf-dist/tex/generic/pgf/basiclayer/pgfcoretransform
ations.code.tex
File: pgfcoretransformations.code.tex 2015/08/07  (rcs-revision 1.20)
\pgf@pt@x=\dimen158
\pgf@pt@y=\dimen159
\pgf@pt@temp=\dimen160
)
(/usr/local/texlive/2018/texmf-dist/tex/generic/pgf/basiclayer/pgfcorequick.cod
e.tex
File: pgfcorequick.code.tex 2008/10/09  (rcs-revision 1.3)
)
(/usr/local/texlive/2018/texmf-dist/tex/generic/pgf/basiclayer/pgfcoreobjects.c
ode.tex
File: pgfcoreobjects.code.tex 2006/10/11  (rcs-revision 1.2)
)
(/usr/local/texlive/2018/texmf-dist/tex/generic/pgf/basiclayer/pgfcorepathproce
ssing.code.tex
File: pgfcorepathprocessing.code.tex 2013/09/09  (rcs-revision 1.9)
)
(/usr/local/texlive/2018/texmf-dist/tex/generic/pgf/basiclayer/pgfcorearrows.co
de.tex
File: pgfcorearrows.code.tex 2015/05/14  (rcs-revision 1.43)
\pgfarrowsep=\dimen161
)
(/usr/local/texlive/2018/texmf-dist/tex/generic/pgf/basiclayer/pgfcoreshade.cod
e.tex
File: pgfcoreshade.code.tex 2013/07/15  (rcs-revision 1.15)
\pgf@max=\dimen162
\pgf@sys@shading@range@num=\count117
)
(/usr/local/texlive/2018/texmf-dist/tex/generic/pgf/basiclayer/pgfcoreimage.cod
e.tex
File: pgfcoreimage.code.tex 2013/07/15  (rcs-revision 1.18)

(/usr/local/texlive/2018/texmf-dist/tex/generic/pgf/basiclayer/pgfcoreexternal.
code.tex
File: pgfcoreexternal.code.tex 2014/07/09  (rcs-revision 1.21)
\pgfexternal@startupbox=\box39
))
(/usr/local/texlive/2018/texmf-dist/tex/generic/pgf/basiclayer/pgfcorelayers.co
de.tex
File: pgfcorelayers.code.tex 2013/07/18  (rcs-revision 1.7)
)
(/usr/local/texlive/2018/texmf-dist/tex/generic/pgf/basiclayer/pgfcoretranspare
ncy.code.tex
File: pgfcoretransparency.code.tex 2013/09/30  (rcs-revision 1.5)
)
(/usr/local/texlive/2018/texmf-dist/tex/generic/pgf/basiclayer/pgfcorepatterns.
code.tex
File: pgfcorepatterns.code.tex 2013/11/07  (rcs-revision 1.5)
)))
(/usr/local/texlive/2018/texmf-dist/tex/latex/pgf/utilities/xxcolor.sty
Package: xxcolor 2003/10/24 ver 0.1
\XC@nummixins=\count118
\XC@countmixins=\count119
)
(/usr/local/texlive/2018/texmf-dist/tex/generic/oberdiek/atbegshi.sty
Package: atbegshi 2016/06/09 v1.18 At begin shipout hook (HO)

(/usr/local/texlive/2018/texmf-dist/tex/generic/oberdiek/infwarerr.sty
Package: infwarerr 2016/05/16 v1.4 Providing info/warning/error messages (HO)
)
(/usr/local/texlive/2018/texmf-dist/tex/generic/oberdiek/ltxcmds.sty
Package: ltxcmds 2016/05/16 v1.23 LaTeX kernel commands for general use (HO)
))
(/usr/local/texlive/2018/texmf-dist/tex/latex/hyperref/hyperref.sty
Package: hyperref 2018/02/06 v6.86b Hypertext links for LaTeX

(/usr/local/texlive/2018/texmf-dist/tex/generic/oberdiek/hobsub-hyperref.sty
Package: hobsub-hyperref 2016/05/16 v1.14 Bundle oberdiek, subset hyperref (HO)


(/usr/local/texlive/2018/texmf-dist/tex/generic/oberdiek/hobsub-generic.sty
Package: hobsub-generic 2016/05/16 v1.14 Bundle oberdiek, subset generic (HO)
Package: hobsub 2016/05/16 v1.14 Construct package bundles (HO)
Package hobsub Info: Skipping package `infwarerr' (already loaded).
Package hobsub Info: Skipping package `ltxcmds' (already loaded).
Package: ifluatex 2016/05/16 v1.4 Provides the ifluatex switch (HO)
Package ifluatex Info: LuaTeX not detected.
Package hobsub Info: Skipping package `ifvtex' (already loaded).
Package: intcalc 2016/05/16 v1.2 Expandable calculations with integers (HO)
Package hobsub Info: Skipping package `ifpdf' (already loaded).
Package: etexcmds 2016/05/16 v1.6 Avoid name clashes with e-TeX commands (HO)
Package etexcmds Info: Could not find \expanded.
(etexcmds)             That can mean that you are not using pdfTeX 1.50 or
(etexcmds)             that some package has redefined \expanded.
(etexcmds)             In the latter case, load this package earlier.
Package: kvsetkeys 2016/05/16 v1.17 Key value parser (HO)
Package: kvdefinekeys 2016/05/16 v1.4 Define keys (HO)
Package: pdftexcmds 2018/01/30 v0.27 Utility functions of pdfTeX for LuaTeX (HO
)
Package pdftexcmds Info: LuaTeX not detected.
Package pdftexcmds Info: \pdf@primitive is available.
Package pdftexcmds Info: \pdf@ifprimitive is available.
Package pdftexcmds Info: \pdfdraftmode found.
Package: pdfescape 2016/05/16 v1.14 Implements pdfTeX's escape features (HO)
Package: bigintcalc 2016/05/16 v1.4 Expandable calculations on big integers (HO
)
Package: bitset 2016/05/16 v1.2 Handle bit-vector datatype (HO)
Package: uniquecounter 2016/05/16 v1.3 Provide unlimited unique counter (HO)
)
Package hobsub Info: Skipping package `hobsub' (already loaded).
Package: letltxmacro 2016/05/16 v1.5 Let assignment for LaTeX macros (HO)
Package: hopatch 2016/05/16 v1.3 Wrapper for package hooks (HO)
Package: xcolor-patch 2016/05/16 xcolor patch
Package: atveryend 2016/05/16 v1.9 Hooks at the very end of document (HO)
Package hobsub Info: Skipping package `atbegshi' (already loaded).
Package: refcount 2016/05/16 v3.5 Data extraction from label references (HO)
Package: hycolor 2016/05/16 v1.8 Color options for hyperref/bookmark (HO)
)
(/usr/local/texlive/2018/texmf-dist/tex/latex/oberdiek/auxhook.sty
Package: auxhook 2016/05/16 v1.4 Hooks for auxiliary files (HO)
)
(/usr/local/texlive/2018/texmf-dist/tex/latex/oberdiek/kvoptions.sty
Package: kvoptions 2016/05/16 v3.12 Key value format for package options (HO)
)
\@linkdim=\dimen163
\Hy@linkcounter=\count120
\Hy@pagecounter=\count121

(/usr/local/texlive/2018/texmf-dist/tex/latex/hyperref/pd1enc.def
File: pd1enc.def 2018/02/06 v6.86b Hyperref: PDFDocEncoding definition (HO)
Now handling font encoding PD1 ...
... no UTF-8 mapping file for font encoding PD1
)
\Hy@SavedSpaceFactor=\count122

(/usr/local/texlive/2018/texmf-dist/tex/latex/latexconfig/hyperref.cfg
File: hyperref.cfg 2002/06/06 v1.2 hyperref configuration of TeXLive
)
Package hyperref Info: Option `bookmarks' set `true' on input line 4383.
Package hyperref Info: Option `bookmarksopen' set `true' on input line 4383.
Package hyperref Info: Option `implicit' set `false' on input line 4383.
Package hyperref Info: Hyper figures OFF on input line 4509.
Package hyperref Info: Link nesting OFF on input line 4514.
Package hyperref Info: Hyper index ON on input line 4517.
Package hyperref Info: Plain pages OFF on input line 4524.
Package hyperref Info: Backreferencing OFF on input line 4529.
Package hyperref Info: Implicit mode OFF; no redefinition of LaTeX internals.
Package hyperref Info: Bookmarks ON on input line 4762.
\c@Hy@tempcnt=\count123

(/usr/local/texlive/2018/texmf-dist/tex/latex/url/url.sty
\Urlmuskip=\muskip10
Package: url 2013/09/16  ver 3.4  Verb mode for urls, etc.
)
LaTeX Info: Redefining \url on input line 5115.
\XeTeXLinkMargin=\dimen164
\Fld@menulength=\count124
\Field@Width=\dimen165
\Fld@charsize=\dimen166
Package hyperref Info: Hyper figures OFF on input line 6369.
Package hyperref Info: Link nesting OFF on input line 6374.
Package hyperref Info: Hyper index ON on input line 6377.
Package hyperref Info: backreferencing OFF on input line 6384.
Package hyperref Info: Link coloring OFF on input line 6389.
Package hyperref Info: Link coloring with OCG OFF on input line 6394.
Package hyperref Info: PDF/A mode OFF on input line 6399.
LaTeX Info: Redefining \ref on input line 6439.
LaTeX Info: Redefining \pageref on input line 6443.
\Hy@abspage=\count125


Package hyperref Message: Stopped early.

)
Package hyperref Info: Driver (autodetected): hpdftex.
 (/usr/local/texlive/2018/texmf-dist/tex/latex/hyperref/hpdftex.def
File: hpdftex.def 2018/02/06 v6.86b Hyperref driver for pdfTeX
\Fld@listcount=\count126
\c@bookmark@seq@number=\count127

(/usr/local/texlive/2018/texmf-dist/tex/latex/oberdiek/rerunfilecheck.sty
Package: rerunfilecheck 2016/05/16 v1.8 Rerun checks for auxiliary files (HO)
Package uniquecounter Info: New unique counter `rerunfilecheck' on input line 2
82.
))
(/usr/local/texlive/2018/texmf-dist/tex/latex/beamer/beamerbaserequires.sty
(/usr/local/texlive/2018/texmf-dist/tex/latex/beamer/beamerbasecompatibility.st
y) (/usr/local/texlive/2018/texmf-dist/tex/latex/beamer/beamerbasefont.sty
(/usr/local/texlive/2018/texmf-dist/tex/latex/amsfonts/amssymb.sty
Package: amssymb 2013/01/14 v3.01 AMS font symbols

(/usr/local/texlive/2018/texmf-dist/tex/latex/amsfonts/amsfonts.sty
Package: amsfonts 2013/01/14 v3.01 Basic AMSFonts support
\@emptytoks=\toks26
\symAMSa=\mathgroup4
\symAMSb=\mathgroup5
LaTeX Font Info:    Overwriting math alphabet `\mathfrak' in version `bold'
(Font)                  U/euf/m/n --> U/euf/b/n on input line 106.
)))
(/usr/local/texlive/2018/texmf-dist/tex/latex/beamer/beamerbasetranslator.sty
(/usr/local/texlive/2018/texmf-dist/tex/latex/translator/translator.sty
Package: translator 2018/01/04 v1.12 Easy translation of strings in LaTeX
))
(/usr/local/texlive/2018/texmf-dist/tex/latex/beamer/beamerbasemisc.sty)
(/usr/local/texlive/2018/texmf-dist/tex/latex/beamer/beamerbasetwoscreens.sty)
(/usr/local/texlive/2018/texmf-dist/tex/latex/beamer/beamerbaseoverlay.sty
\beamer@argscount=\count128
\beamer@lastskipcover=\skip44
\beamer@trivlistdepth=\count129
)
(/usr/local/texlive/2018/texmf-dist/tex/latex/beamer/beamerbasetitle.sty)
(/usr/local/texlive/2018/texmf-dist/tex/latex/beamer/beamerbasesection.sty
\c@lecture=\count130
\c@part=\count131
\c@section=\count132
\c@subsection=\count133
\c@subsubsection=\count134
)
(/usr/local/texlive/2018/texmf-dist/tex/latex/beamer/beamerbaseframe.sty
\beamer@framebox=\box40
\beamer@frametitlebox=\box41
\beamer@zoombox=\box42
\beamer@zoomcount=\count135
\beamer@zoomframecount=\count136
\beamer@frametextheight=\dimen167
\c@subsectionslide=\count137
\beamer@frametopskip=\skip45
\beamer@framebottomskip=\skip46
\beamer@frametopskipautobreak=\skip47
\beamer@framebottomskipautobreak=\skip48
\beamer@envbody=\toks27
\framewidth=\dimen168
\c@framenumber=\count138
)
(/usr/local/texlive/2018/texmf-dist/tex/latex/beamer/beamerbaseverbatim.sty
\beamer@verbatimfileout=\write4
)
(/usr/local/texlive/2018/texmf-dist/tex/latex/beamer/beamerbaseframesize.sty
\beamer@splitbox=\box43
\beamer@autobreakcount=\count139
\beamer@autobreaklastheight=\dimen169
\beamer@frametitletoks=\toks28
\beamer@framesubtitletoks=\toks29
)
(/usr/local/texlive/2018/texmf-dist/tex/latex/beamer/beamerbaseframecomponents.
sty
\beamer@footins=\box44
) (/usr/local/texlive/2018/texmf-dist/tex/latex/beamer/beamerbasecolor.sty
\beamer@bg@ht=\dimen170
\beamer@bg@wd=\dimen171
\beamer@bg@dp=\dimen172
)
(/usr/local/texlive/2018/texmf-dist/tex/latex/beamer/beamerbasenotes.sty
\beamer@frameboxcopy=\box45
)
(/usr/local/texlive/2018/texmf-dist/tex/latex/beamer/beamerbasetoc.sty)
(/usr/local/texlive/2018/texmf-dist/tex/latex/beamer/beamerbasetemplates.sty
\beamer@sbttoks=\toks30

(/usr/local/texlive/2018/texmf-dist/tex/latex/beamer/beamerbaseauxtemplates.sty
(/usr/local/texlive/2018/texmf-dist/tex/latex/beamer/beamerbaseboxes.sty
\bmb@box=\box46
\bmb@colorbox=\box47
\bmb@boxshadow=\box48
\bmb@boxshadowball=\box49
\bmb@boxshadowballlarge=\box50
\bmb@temp=\dimen173
\bmb@dima=\dimen174
\bmb@dimb=\dimen175
\bmb@prevheight=\dimen176
)
\beamer@blockheadheight=\dimen177
))
(/usr/local/texlive/2018/texmf-dist/tex/latex/beamer/beamerbaselocalstructure.s
ty (/usr/local/texlive/2018/texmf-dist/tex/latex/tools/enumerate.sty
Package: enumerate 2015/07/23 v3.00 enumerate extensions (DPC)
\@enLab=\toks31
)
\c@figure=\count140
\c@table=\count141
\abovecaptionskip=\skip49
\belowcaptionskip=\skip50
)
(/usr/local/texlive/2018/texmf-dist/tex/latex/beamer/beamerbasenavigation.sty
\beamer@section@min@dim=\dimen178
)
(/usr/local/texlive/2018/texmf-dist/tex/latex/beamer/beamerbasetheorems.sty
(/usr/local/texlive/2018/texmf-dist/tex/latex/amsmath/amsmath.sty
Package: amsmath 2017/09/02 v2.17a AMS math features
\@mathmargin=\skip51

For additional information on amsmath, use the `?' option.
(/usr/local/texlive/2018/texmf-dist/tex/latex/amsmath/amstext.sty
Package: amstext 2000/06/29 v2.01 AMS text

(/usr/local/texlive/2018/texmf-dist/tex/latex/amsmath/amsgen.sty
File: amsgen.sty 1999/11/30 v2.0 generic functions
\@emptytoks=\toks32
\ex@=\dimen179
))
(/usr/local/texlive/2018/texmf-dist/tex/latex/amsmath/amsbsy.sty
Package: amsbsy 1999/11/29 v1.2d Bold Symbols
\pmbraise@=\dimen180
)
(/usr/local/texlive/2018/texmf-dist/tex/latex/amsmath/amsopn.sty
Package: amsopn 2016/03/08 v2.02 operator names
)
\inf@bad=\count142
LaTeX Info: Redefining \frac on input line 213.
\uproot@=\count143
\leftroot@=\count144
LaTeX Info: Redefining \overline on input line 375.
\classnum@=\count145
\DOTSCASE@=\count146
LaTeX Info: Redefining \ldots on input line 472.
LaTeX Info: Redefining \dots on input line 475.
LaTeX Info: Redefining \cdots on input line 596.
\Mathstrutbox@=\box51
\strutbox@=\box52
\big@size=\dimen181
LaTeX Font Info:    Redeclaring font encoding OML on input line 712.
LaTeX Font Info:    Redeclaring font encoding OMS on input line 713.
\macc@depth=\count147
\c@MaxMatrixCols=\count148
\dotsspace@=\muskip11
\c@parentequation=\count149
\dspbrk@lvl=\count150
\tag@help=\toks33
\row@=\count151
\column@=\count152
\maxfields@=\count153
\andhelp@=\toks34
\eqnshift@=\dimen182
\alignsep@=\dimen183
\tagshift@=\dimen184
\tagwidth@=\dimen185
\totwidth@=\dimen186
\lineht@=\dimen187
\@envbody=\toks35
\multlinegap=\skip52
\multlinetaggap=\skip53
\mathdisplay@stack=\toks36
LaTeX Info: Redefining \[ on input line 2817.
LaTeX Info: Redefining \] on input line 2818.
)
(/usr/local/texlive/2018/texmf-dist/tex/latex/amscls/amsthm.sty
Package: amsthm 2017/10/31 v2.20.4
\thm@style=\toks37
\thm@bodyfont=\toks38
\thm@headfont=\toks39
\thm@notefont=\toks40
\thm@headpunct=\toks41
\thm@preskip=\skip54
\thm@postskip=\skip55
\thm@headsep=\skip56
\dth@everypar=\toks42
)
\c@theorem=\count154
)
(/usr/local/texlive/2018/texmf-dist/tex/latex/beamer/beamerbasethemes.sty))
(/usr/local/texlive/2018/texmf-dist/tex/latex/beamer/beamerthemedefault.sty
(/usr/local/texlive/2018/texmf-dist/tex/latex/beamer/beamerfontthemedefault.sty
)
(/usr/local/texlive/2018/texmf-dist/tex/latex/beamer/beamercolorthemedefault.st
y)
(/usr/local/texlive/2018/texmf-dist/tex/latex/beamer/beamerinnerthemedefault.st
y
\beamer@dima=\dimen188
\beamer@dimb=\dimen189
)
(/usr/local/texlive/2018/texmf-dist/tex/latex/beamer/beamerouterthemedefault.st
y))) (/usr/local/texlive/2018/texmf-dist/tex/latex/bbm-macros/bbm.sty
Package: bbm 1999/03/15 V 1.2 provides fonts for set symbols - TH
LaTeX Font Info:    Overwriting math alphabet `\mathbbm' in version `bold'
(Font)                  U/bbm/m/n --> U/bbm/bx/n on input line 33.
LaTeX Font Info:    Overwriting math alphabet `\mathbbmss' in version `bold'
(Font)                  U/bbmss/m/n --> U/bbmss/bx/n on input line 35.
)
(/usr/local/texlive/2018/texmf-dist/tex/latex/pgf/frontendlayer/tikz.sty
(/usr/local/texlive/2018/texmf-dist/tex/latex/pgf/basiclayer/pgf.sty
Package: pgf 2015/08/07 v3.0.1a (rcs-revision 1.15)

(/usr/local/texlive/2018/texmf-dist/tex/generic/pgf/modules/pgfmoduleshapes.cod
e.tex
File: pgfmoduleshapes.code.tex 2014/03/21  (rcs-revision 1.35)
\pgfnodeparttextbox=\box53
)
(/usr/local/texlive/2018/texmf-dist/tex/generic/pgf/modules/pgfmoduleplot.code.
tex
File: pgfmoduleplot.code.tex 2015/08/03  (rcs-revision 1.13)
)
(/usr/local/texlive/2018/texmf-dist/tex/latex/pgf/compatibility/pgfcomp-version
-0-65.sty
Package: pgfcomp-version-0-65 2007/07/03 v3.0.1a (rcs-revision 1.7)
\pgf@nodesepstart=\dimen190
\pgf@nodesepend=\dimen191
)
(/usr/local/texlive/2018/texmf-dist/tex/latex/pgf/compatibility/pgfcomp-version
-1-18.sty
Package: pgfcomp-version-1-18 2007/07/23 v3.0.1a (rcs-revision 1.1)
))
(/usr/local/texlive/2018/texmf-dist/tex/latex/pgf/utilities/pgffor.sty
(/usr/local/texlive/2018/texmf-dist/tex/latex/pgf/utilities/pgfkeys.sty
(/usr/local/texlive/2018/texmf-dist/tex/generic/pgf/utilities/pgfkeys.code.tex)
) (/usr/local/texlive/2018/texmf-dist/tex/latex/pgf/math/pgfmath.sty
(/usr/local/texlive/2018/texmf-dist/tex/generic/pgf/math/pgfmath.code.tex))
(/usr/local/texlive/2018/texmf-dist/tex/generic/pgf/utilities/pgffor.code.tex
Package: pgffor 2013/12/13 v3.0.1a (rcs-revision 1.25)

(/usr/local/texlive/2018/texmf-dist/tex/generic/pgf/math/pgfmath.code.tex)
\pgffor@iter=\dimen192
\pgffor@skip=\dimen193
\pgffor@stack=\toks43
\pgffor@toks=\toks44
))
(/usr/local/texlive/2018/texmf-dist/tex/generic/pgf/frontendlayer/tikz/tikz.cod
e.tex
Package: tikz 2015/08/07 v3.0.1a (rcs-revision 1.151)

(/usr/local/texlive/2018/texmf-dist/tex/generic/pgf/libraries/pgflibraryplothan
dlers.code.tex
File: pgflibraryplothandlers.code.tex 2013/08/31 v3.0.1a (rcs-revision 1.20)
\pgf@plot@mark@count=\count155
\pgfplotmarksize=\dimen194
)
\tikz@lastx=\dimen195
\tikz@lasty=\dimen196
\tikz@lastxsaved=\dimen197
\tikz@lastysaved=\dimen198
\tikzleveldistance=\dimen199
\tikzsiblingdistance=\dimen256
\tikz@figbox=\box54
\tikz@figbox@bg=\box55
\tikz@tempbox=\box56
\tikz@tempbox@bg=\box57
\tikztreelevel=\count156
\tikznumberofchildren=\count157
\tikznumberofcurrentchild=\count158
\tikz@fig@count=\count159

(/usr/local/texlive/2018/texmf-dist/tex/generic/pgf/modules/pgfmodulematrix.cod
e.tex
File: pgfmodulematrix.code.tex 2013/09/17  (rcs-revision 1.8)
\pgfmatrixcurrentrow=\count160
\pgfmatrixcurrentcolumn=\count161
\pgf@matrix@numberofcolumns=\count162
)
\tikz@expandcount=\count163

(/usr/local/texlive/2018/texmf-dist/tex/generic/pgf/frontendlayer/tikz/librarie
s/tikzlibrarytopaths.code.tex
File: tikzlibrarytopaths.code.tex 2008/06/17 v3.0.1a (rcs-revision 1.2)
)))
(/usr/local/texlive/2018/texmf-dist/tex/latex/beamer/beamerthemeboxes.sty
\beamer@boxheadheight=\dimen257
\beamer@boxfootheight=\dimen258
\beamer@headboxes=\count164
\beamer@headboxsizes=\dimen259
\beamer@currentbox=\count165
\beamer@footboxes=\count166
\beamer@footboxsizes=\dimen260
)
(/usr/local/texlive/2018/texmf-dist/tex/latex/beamer/beamercolorthemerose.sty)
(/usr/local/texlive/2018/texmf-dist/tex/latex/multirow/multirow.sty
Package: multirow 2016/11/25 v2.2 Span multiple rows of a table
\multirow@colwidth=\skip57
\multirow@cntb=\count167
\multirow@dima=\skip58
\bigstrutjot=\dimen261
)
\c@assumption=\count168
\c@thm=\count169
\c@prop=\count170
\c@col=\count171
\c@lem=\count172
\c@defn=\count173
\c@axiom=\count174
\c@hyp=\count175

(/usr/local/texlive/2018/texmf-dist/tex/generic/pgf/frontendlayer/tikz/librarie
s/tikzlibrarydecorations.pathreplacing.code.tex
(/usr/local/texlive/2018/texmf-dist/tex/generic/pgf/frontendlayer/tikz/librarie
s/tikzlibrarydecorations.code.tex
(/usr/local/texlive/2018/texmf-dist/tex/generic/pgf/modules/pgfmoduledecoration
s.code.tex
\pgfdecoratedcompleteddistance=\dimen262
\pgfdecoratedremainingdistance=\dimen263
\pgfdecoratedinputsegmentcompleteddistance=\dimen264
\pgfdecoratedinputsegmentremainingdistance=\dimen265
\pgf@decorate@distancetomove=\dimen266
\pgf@decorate@repeatstate=\count176
\pgfdecorationsegmentamplitude=\dimen267
\pgfdecorationsegmentlength=\dimen268
)
\tikz@lib@dec@box=\box58
)
(/usr/local/texlive/2018/texmf-dist/tex/generic/pgf/libraries/decorations/pgfli
brarydecorations.pathreplacing.code.tex))
(/usr/local/texlive/2018/texmf-dist/tex/latex/pstricks/pstricks.sty
Package: pstricks 2018/01/06 v0.67 LaTeX wrapper for `PSTricks' (RN,HV)

(/usr/local/texlive/2018/texmf-dist/tex/generic/iftex/iftex.sty
Package: iftex 2013/04/04 v0.2 Provides if(tex) conditional for PDFTeX, XeTeX, 
and LuaTeX
)
(/usr/local/texlive/2018/texmf-dist/tex/latex/tools/shellesc.sty
Package: shellesc 2016/06/07 v0.02a unified shell escape interface for LaTeX
Package shellesc Info: Restricted shell escape enabled on input line 69.
)
(/usr/local/texlive/2018/texmf-dist/tex/generic/xkeyval/pst-xkey.tex
File: pst-xkey.tex 2005/11/25 v1.6 PSTricks specialization of xkeyval (HA)

(/usr/local/texlive/2018/texmf-dist/tex/latex/xkeyval/xkeyval.sty
Package: xkeyval 2014/12/03 v2.7a package option processing (HA)

(/usr/local/texlive/2018/texmf-dist/tex/generic/xkeyval/xkeyval.tex
(/usr/local/texlive/2018/texmf-dist/tex/generic/xkeyval/xkvutils.tex
\XKV@toks=\toks45
\XKV@tempa@toks=\toks46
)
\XKV@depth=\count177
File: xkeyval.tex 2014/12/03 v2.7a key=value parser (HA)
)))
(/usr/local/texlive/2018/texmf-dist/tex/generic/pstricks/pstricks.tex
(/usr/local/texlive/2018/texmf-dist/tex/generic/pstricks/pst-fp.tex
`pst-fp' v0.05, 2010/01/17 (hv)
\pstFP@xs=\count178
\pstFP@xia=\count179
\pstFP@xib=\count180
\pstFP@xfa=\count181
\pstFP@xfb=\count182
\pstFP@rega=\count183
\pstFP@regb=\count184
\pstFP@regs=\count185
\pstFP@times=\count186
)
(/usr/local/texlive/2018/texmf-dist/tex/generic/pgf/utilities/pgfutil-common.te
x
\pgfutil@everybye=\toks47
\pgfutil@tempdima=\dimen269
\pgfutil@tempdimb=\dimen270

(/usr/local/texlive/2018/texmf-dist/tex/generic/pgf/utilities/pgfutil-common-li
sts.tex))
(/usr/local/texlive/2018/texmf-dist/tex/generic/pgf/utilities/pgfkeys.code.tex)
(/usr/local/texlive/2018/texmf-dist/tex/generic/pgf/utilities/pgffor.code.tex
(/usr/local/texlive/2018/texmf-dist/tex/generic/pgf/math/pgfmath.code.tex)
\pgffor@iter=\dimen271
\pgffor@skip=\dimen272
\pgffor@stack=\toks48
\pgffor@toks=\toks49
)
\psLoopIndex=\count187

`PSTricks' v2.82  <2018/01/06> (tvz,hv)
\pst@dima=\dimen273
\pst@dimb=\dimen274
\pst@dimc=\dimen275
\pst@dimd=\dimen276
\pst@dimg=\dimen277
\pst@dimh=\dimen278
\pst@dimm=\dimen279
\pst@dimn=\dimen280
\pst@dimo=\dimen281
\pst@dimp=\dimen282
\pst@hbox=\box59
\pst@ibox=\box60
\pst@boxg=\box61
\pst@cnta=\count188
\pst@cntb=\count189
\pst@cntc=\count190
\pst@cntd=\count191
\pst@cntg=\count192
\pst@cnth=\count193
\pst@cntm=\count194
\pst@cntn=\count195
\pst@cnto=\count196
\pst@cntp=\count197
\@zero=\count198
\pst@toks=\toks50
(/usr/local/texlive/2018/texmf-dist/tex/generic/pstricks/pstricks.con)
\psunit=\dimen283
\psxunit=\dimen284
\psyunit=\dimen285
\pst@C@@rType=\count199
\pslinewidth=\dimen286
\psk@startLW=\dimen287
\psk@endLW=\dimen288
\pst@customdefs=\toks51
\pslinearc=\dimen289
\pst@symbolStep=\dimen290
\pst@symbolWidth=\dimen291
\pst@symbolLinewidth=\dimen292
\everypsbox=\toks52
\psframesep=\dimen293
\pslabelsep=\dimen294
\sh@wgridXunit=\dimen295
\sh@wgridYunit=\dimen296
\pst@shift=\dimen297
)
File: pstricks.tex 2018/01/06 v2.82 `PSTricks' (tvz,hv)

(/usr/local/texlive/2018/texmf-dist/tex/generic/pstricks/pst-fp.tex)
File: pst-fp.tex 2018/01/06 v2.82 `PST-fp' (hv)
)
(/usr/local/texlive/2018/texmf-dist/tex/latex/egameps/egameps.sty
\egplayerlabelsep=\dimen298
\egplayerboxsep=\dimen299
\egactionlabelsep=\dimen300
\egactionboxsep=\dimen301
\egpayoffboxsep=\dimen302
\egpayofflabelsep=\dimen303
\@egxnum=\count266
\@egxxnum=\count267
\@egxxxnum=\count268
\@egxxxxnum=\count269
\@egynum=\count270
\@egyynum=\count271
\@egyyynum=\count272
\@egyyyynum=\count273
\@egrad=\dimen304
\@egxdim=\dimen305
\@egydim=\dimen306
\@@egxnum=\count274
\@@egxxnum=\count275
\@@egxxxnum=\count276
\@@egynum=\count277
\@@egyynum=\count278
\@@egyyynum=\count279
\@eghnum=\count280
\@egvnum=\count281
\@egabshnum=\count282
\@egabsvnum=\count283
\@eghdistance=\count284
\@tempcntx=\count285
\@tempcnty=\count286
\egalhshift=\count287
\egalvshift=\count288
)
(/usr/local/texlive/2018/texmf-dist/tex/latex/psnfss/pifont.sty
Package: pifont 2005/04/12 PSNFSS-v9.2a Pi font support (SPQR) 
LaTeX Font Info:    Try loading font information for U+pzd on input line 63.

(/usr/local/texlive/2018/texmf-dist/tex/latex/psnfss/upzd.fd
File: upzd.fd 2001/06/04 font definitions for U/pzd.
)
LaTeX Font Info:    Try loading font information for U+psy on input line 64.

(/usr/local/texlive/2018/texmf-dist/tex/latex/psnfss/upsy.fd
File: upsy.fd 2001/06/04 font definitions for U/psy.
))
(/usr/local/texlive/2018/texmf-dist/tex/latex/pgf/utilities/pgfpages.sty
Package: pgfpages 2011/01/05 ver 0.02

(/usr/local/texlive/2018/texmf-dist/tex/latex/tools/calc.sty
Package: calc 2017/05/25 v4.3 Infix arithmetic (KKT,FJ)
\calc@Acount=\count289
\calc@Bcount=\count290
\calc@Adimen=\dimen307
\calc@Bdimen=\dimen308
\calc@Askip=\skip59
\calc@Bskip=\skip60
LaTeX Info: Redefining \setlength on input line 80.
LaTeX Info: Redefining \addtolength on input line 81.
\calc@Ccount=\count291
\calc@Cskip=\skip61
)
\pgf@logicalpages=\count292
\pgf@firstshipout=\count293
\pgf@lastshipout=\count294
\pgf@currentshipout=\count295
\pgf@cpn=\count296
\pgf@shipoutnextto=\count297
\pgfphysicalheight=\dimen309
\pgfphysicalwidth=\dimen310
\pgfpages@shipoutbox=\box62
)
(/usr/local/texlive/2018/texmf-dist/tex/latex/algorithm2e/algorithm2e.sty
Package: algorithm2e 2017/07/18 v5.2 algorithms environments
\c@AlgoLine=\count298

(/usr/local/texlive/2018/texmf-dist/tex/latex/base/ifthen.sty
Package: ifthen 2014/09/29 v1.1c Standard LaTeX ifthen package (DPC)
)
\algocf@hangindent=\skip62

(/usr/local/texlive/2018/texmf-dist/tex/latex/ifoddpage/ifoddpage.sty
Package: ifoddpage 2016/04/23 v1.1 Conditionals for odd/even page detection
\c@checkoddpage=\count299
)
(/usr/local/texlive/2018/texmf-dist/tex/latex/tools/xspace.sty
Package: xspace 2014/10/28 v1.13 Space after command names (DPC,MH)
)
(/usr/local/texlive/2018/texmf-dist/tex/latex/relsize/relsize.sty
Package: relsize 2013/03/29 ver 4.1
)
\skiptotal=\skip63
\skiplinenumber=\skip64
\skiprule=\skip65
\skiphlne=\skip66
\skiptext=\skip67
\skiplength=\skip68
\algomargin=\skip69
\skipalgocfslide=\skip70
\algowidth=\dimen311
\inoutsize=\dimen312
\inoutindent=\dimen313
\interspacetitleruled=\dimen314
\interspacealgoruled=\dimen315
\interspacetitleboxruled=\dimen316
\algocf@ruledwidth=\skip71
\algocf@inoutbox=\box63
\algocf@inputbox=\box64
\AlCapSkip=\skip72
\AlCapHSkip=\skip73
\algoskipindent=\skip74
\algocf@nlbox=\box65
\algocf@hangingbox=\box66
\algocf@untilbox=\box67
\algocf@skipuntil=\skip75
\algocf@capbox=\box68
\algocf@lcaptionbox=\skip76
\algoheightruledefault=\skip77
\algoheightrule=\skip78
\algotitleheightruledefault=\skip79
\algotitleheightrule=\skip80
\c@algocfline=\count300
\c@algocfproc=\count301
\c@algocf=\count302
\algocf@algoframe=\box69
\algocf@algobox=\box70
)
(/usr/local/texlive/2018/texmf-dist/tex/latex/lm/lmodern.sty
Package: lmodern 2009/10/30 v1.6 Latin Modern Fonts
LaTeX Font Info:    Overwriting symbol font `operators' in version `normal'
(Font)                  OT1/cmr/m/n --> OT1/lmr/m/n on input line 22.
LaTeX Font Info:    Overwriting symbol font `letters' in version `normal'
(Font)                  OML/cmm/m/it --> OML/lmm/m/it on input line 23.
LaTeX Font Info:    Overwriting symbol font `symbols' in version `normal'
(Font)                  OMS/cmsy/m/n --> OMS/lmsy/m/n on input line 24.
LaTeX Font Info:    Overwriting symbol font `largesymbols' in version `normal'
(Font)                  OMX/cmex/m/n --> OMX/lmex/m/n on input line 25.
LaTeX Font Info:    Overwriting symbol font `operators' in version `bold'
(Font)                  OT1/cmr/bx/n --> OT1/lmr/bx/n on input line 26.
LaTeX Font Info:    Overwriting symbol font `letters' in version `bold'
(Font)                  OML/cmm/b/it --> OML/lmm/b/it on input line 27.
LaTeX Font Info:    Overwriting symbol font `symbols' in version `bold'
(Font)                  OMS/cmsy/b/n --> OMS/lmsy/b/n on input line 28.
LaTeX Font Info:    Overwriting symbol font `largesymbols' in version `bold'
(Font)                  OMX/cmex/m/n --> OMX/lmex/m/n on input line 29.
LaTeX Font Info:    Overwriting math alphabet `\mathbf' in version `normal'
(Font)                  OT1/cmr/bx/n --> OT1/lmr/bx/n on input line 31.
LaTeX Font Info:    Overwriting math alphabet `\mathsf' in version `normal'
(Font)                  OT1/cmss/m/n --> OT1/lmss/m/n on input line 32.
LaTeX Font Info:    Overwriting math alphabet `\mathit' in version `normal'
(Font)                  OT1/cmr/m/it --> OT1/lmr/m/it on input line 33.
LaTeX Font Info:    Overwriting math alphabet `\mathtt' in version `normal'
(Font)                  OT1/cmtt/m/n --> OT1/lmtt/m/n on input line 34.
LaTeX Font Info:    Overwriting math alphabet `\mathbf' in version `bold'
(Font)                  OT1/cmr/bx/n --> OT1/lmr/bx/n on input line 35.
LaTeX Font Info:    Overwriting math alphabet `\mathsf' in version `bold'
(Font)                  OT1/cmss/bx/n --> OT1/lmss/bx/n on input line 36.
LaTeX Font Info:    Overwriting math alphabet `\mathit' in version `bold'
(Font)                  OT1/cmr/bx/it --> OT1/lmr/bx/it on input line 37.
LaTeX Font Info:    Overwriting math alphabet `\mathtt' in version `bold'
(Font)                  OT1/cmtt/m/n --> OT1/lmtt/m/n on input line 38.
)
(/usr/local/texlive/2018/texmf-dist/tex/latex/doublestroke/dsfont.sty
Package: dsfont 1995/08/01 v0.1 Double stroke roman fonts
)
(/usr/local/texlive/2018/texmf-dist/tex/latex/wrapfig/wrapfig.sty
\wrapoverhang=\dimen317
\WF@size=\dimen318
\c@WF@wrappedlines=\count303
\WF@box=\box71
\WF@everypar=\toks53
Package: wrapfig 2003/01/31  v 3.6
)
(/usr/local/texlive/2018/texmf-dist/tex/latex/jknapltx/mathrsfs.sty
Package: mathrsfs 1996/01/01 Math RSFS package v1.0 (jk)
\symrsfs=\mathgroup6
)
(/usr/local/texlive/2018/texmf-dist/tex/latex/mathtools/mathtools.sty
Package: mathtools 2018/01/08 v1.21 mathematical typesetting tools

(/usr/local/texlive/2018/texmf-dist/tex/latex/mathtools/mhsetup.sty
Package: mhsetup 2017/03/31 v1.3 programming setup (MH)
)
LaTeX Info: Thecontrolsequence`\('isalreadyrobust on input line 129.
LaTeX Info: Thecontrolsequence`\)'isalreadyrobust on input line 129.
LaTeX Info: Thecontrolsequence`\['isalreadyrobust on input line 129.
LaTeX Info: Thecontrolsequence`\]'isalreadyrobust on input line 129.
\g_MT_multlinerow_int=\count304
\l_MT_multwidth_dim=\dimen319
\origjot=\skip81
\l_MT_shortvdotswithinadjustabove_dim=\dimen320
\l_MT_shortvdotswithinadjustbelow_dim=\dimen321
\l_MT_above_intertext_sep=\dimen322
\l_MT_below_intertext_sep=\dimen323
\l_MT_above_shortintertext_sep=\dimen324
\l_MT_below_shortintertext_sep=\dimen325
)
(/usr/local/texlive/2018/texmf-dist/tex/latex/appendixnumberbeamer/appendixnumb
erbeamer.sty)
(/usr/local/texlive/2018/texmf-dist/tex/latex/appendix/appendix.sty
Package: appendix 2009/09/02 v1.2b extra appendix facilities
\c@@pps=\count305
\c@@ppsavesec=\count306
\c@@ppsaveapp=\count307
)
(/usr/local/texlive/2018/texmf-dist/tex/latex/natbib/natbib.sty
Package: natbib 2010/09/13 8.31b (PWD, AO)
\bibhang=\skip82
\bibsep=\skip83
LaTeX Info: Redefining \cite on input line 694.
\c@NAT@ctr=\count308
)
(/usr/local/texlive/2018/texmf-dist/tex/latex/setspace/setspace.sty
Package: setspace 2011/12/19 v6.7a set line spacing
)
(/usr/local/texlive/2018/texmf-dist/tex/latex/mathtools/empheq.sty
Package: empheq 2017/03/31 v2.15 Emphasizing equations
\l_EQ_equationtype_int=\count309
\l_EQ_alignmentmode_int=\count310
\l_EQ_totalwidth_dim=\dimen326
\l_EQ_displaywidth_dim=\dimen327
\l_EQ_temp_linewidth_dim=\dimen328
\EmphEqdelimitershortfall=\dimen329
\EmphEqdelimiterfactor=\count311
\g_EQ_toptag_height_dim=\dimen330
\g_EQ_bottomtag_depth_dim=\dimen331
\g_EQ_toprow_height_dim=\dimen332
\g_EQ_bottomrow_depth_dim=\dimen333
\g_EQ_widesttag_dim=\dimen334
\EQ_mathdisplay_box=\box72
\EQ_tag_box=\box73
\g_EQ_temprow_int=\count312
)

Package hyperref Warning: Token not allowed in a PDF string (PDFDocEncoding):
(hyperref)                removing `\\' on input line 81.

(/usr/local/texlive/2018/texmf-dist/tex/latex/tools/bm.sty
Package: bm 2017/01/16 v1.2c Bold Symbol Support (DPC/FMi)
\symboldoperators=\mathgroup7
\symboldletters=\mathgroup8
\symboldsymbols=\mathgroup9
LaTeX Font Info:    Redeclaring math alphabet \mathbf on input line 141.
LaTeX Info: Redefining \bm on input line 207.
) (./macros.tex
(/usr/local/texlive/2018/texmf-dist/tex/latex/stmaryrd/stmaryrd.sty
Package: stmaryrd 1994/03/03 St Mary's Road symbol package
\symstmry=\mathgroup10
LaTeX Font Info:    Overwriting symbol font `stmry' in version `bold'
(Font)                  U/stmry/m/n --> U/stmry/b/n on input line 89.
))

Package hyperref Warning: Token not allowed in a PDF string (PDFDocEncoding):
(hyperref)                removing `\new@ifnextchar' on input line 103.

(./talk_signT_full.aux)
\openout1 = `talk_signT_full.aux'.

LaTeX Font Info:    Checking defaults for OML/cmm/m/it on input line 103.
LaTeX Font Info:    ... okay on input line 103.
LaTeX Font Info:    Checking defaults for T1/cmr/m/n on input line 103.
LaTeX Font Info:    ... okay on input line 103.
LaTeX Font Info:    Checking defaults for OT1/cmr/m/n on input line 103.
LaTeX Font Info:    ... okay on input line 103.
LaTeX Font Info:    Checking defaults for OMS/cmsy/m/n on input line 103.
LaTeX Font Info:    ... okay on input line 103.
LaTeX Font Info:    Checking defaults for OMX/cmex/m/n on input line 103.
LaTeX Font Info:    ... okay on input line 103.
LaTeX Font Info:    Checking defaults for U/cmr/m/n on input line 103.
LaTeX Font Info:    ... okay on input line 103.
LaTeX Font Info:    Checking defaults for PD1/pdf/m/n on input line 103.
LaTeX Font Info:    ... okay on input line 103.
LaTeX Font Info:    Try loading font information for OT1+lmss on input line 103
.

(/usr/local/texlive/2018/texmf-dist/tex/latex/lm/ot1lmss.fd
File: ot1lmss.fd 2009/10/30 v1.6 Font defs for Latin Modern
)
*geometry* driver: auto-detecting
*geometry* detected driver: pdftex
*geometry* verbose mode - [ preamble ] result:
* driver: pdftex
* paper: custom
* layout: <same size as paper>
* layoutoffset:(h,v)=(0.0pt,0.0pt)
* modes: includehead includefoot 
* h-part:(L,W,R)=(28.45274pt, 307.28987pt, 28.45274pt)
* v-part:(T,H,B)=(0.0pt, 273.14662pt, 0.0pt)
* \paperwidth=364.19536pt
* \paperheight=273.14662pt
* \textwidth=307.28987pt
* \textheight=244.6939pt
* \oddsidemargin=-43.81725pt
* \evensidemargin=-43.81725pt
* \topmargin=-72.26999pt
* \headheight=14.22636pt
* \headsep=0.0pt
* \topskip=10.0pt
* \footskip=14.22636pt
* \marginparwidth=3.0pt
* \marginparsep=11.0pt
* \columnsep=10.0pt
* \skip\footins=9.0pt plus 4.0pt minus 2.0pt
* \hoffset=0.0pt
* \voffset=0.0pt
* \mag=1000
* \@twocolumnfalse
* \@twosidefalse
* \@mparswitchfalse
* \@reversemarginfalse
* (1in=72.27pt=25.4mm, 1cm=28.453pt)

(/usr/local/texlive/2018/texmf-dist/tex/context/base/mkii/supp-pdf.mkii
[Loading MPS to PDF converter (version 2006.09.02).]
\scratchcounter=\count313
\scratchdimen=\dimen335
\scratchbox=\box74
\nofMPsegments=\count314
\nofMParguments=\count315
\everyMPshowfont=\toks54
\MPscratchCnt=\count316
\MPscratchDim=\dimen336
\MPnumerator=\count317
\makeMPintoPDFobject=\count318
\everyMPtoPDFconversion=\toks55
) (/usr/local/texlive/2018/texmf-dist/tex/latex/oberdiek/epstopdf-base.sty
Package: epstopdf-base 2016/05/15 v2.6 Base part for package epstopdf

(/usr/local/texlive/2018/texmf-dist/tex/latex/oberdiek/grfext.sty
Package: grfext 2016/05/16 v1.2 Manage graphics extensions (HO)
)
Package epstopdf-base Info: Redefining graphics rule for `.eps' on input line 4
38.
Package grfext Info: Graphics extension search list:
(grfext)             [.pdf,.png,.jpg,.mps,.jpeg,.jbig2,.jb2,.PDF,.PNG,.JPG,.JPE
G,.JBIG2,.JB2,.eps]
(grfext)             \AppendGraphicsExtensions on input line 456.

(/usr/local/texlive/2018/texmf-dist/tex/latex/latexconfig/epstopdf-sys.cfg
File: epstopdf-sys.cfg 2010/07/13 v1.3 Configuration of (r)epstopdf for TeX Liv
e
))
ABD: EveryShipout initializing macros
\AtBeginShipoutBox=\box75
Package hyperref Info: Link coloring OFF on input line 103.

(/usr/local/texlive/2018/texmf-dist/tex/latex/hyperref/nameref.sty
Package: nameref 2016/05/21 v2.44 Cross-referencing by name of section

(/usr/local/texlive/2018/texmf-dist/tex/generic/oberdiek/gettitlestring.sty
Package: gettitlestring 2016/05/16 v1.5 Cleanup title references (HO)
)
\c@section@level=\count319
)
LaTeX Info: Redefining \ref on input line 103.
LaTeX Info: Redefining \pageref on input line 103.
LaTeX Info: Redefining \nameref on input line 103.

(./talk_signT_full.out) (./talk_signT_full.out)
\@outlinefile=\write5
\openout5 = `talk_signT_full.out'.


(/usr/local/texlive/2018/texmf-dist/tex/latex/translator/translator-basic-dicti
onary-English.dict
Dictionary: translator-basic-dictionary, Language: English 
)
(/usr/local/texlive/2018/texmf-dist/tex/latex/translator/translator-bibliograph
y-dictionary-English.dict
Dictionary: translator-bibliography-dictionary, Language: English 
)
(/usr/local/texlive/2018/texmf-dist/tex/latex/translator/translator-environment
-dictionary-English.dict
Dictionary: translator-environment-dictionary, Language: English 
)
(/usr/local/texlive/2018/texmf-dist/tex/latex/translator/translator-months-dict
ionary-English.dict
Dictionary: translator-months-dictionary, Language: English 
)
(/usr/local/texlive/2018/texmf-dist/tex/latex/translator/translator-numbers-dic
tionary-English.dict
Dictionary: translator-numbers-dictionary, Language: English 
)
(/usr/local/texlive/2018/texmf-dist/tex/latex/translator/translator-theorem-dic
tionary-English.dict
Dictionary: translator-theorem-dictionary, Language: English 
) (./talk_signT_full.nav)

./talk_signT_full.tex:108: LaTeX Error: There's no line here to end.

See the LaTeX manual or LaTeX Companion for explanation.
Type  H <return>  for immediate help.
 ...                                              
                                                  
l.108 \end{frame}
                 
? 
<Figures/image.png, id=17, 368.37625pt x 391.4625pt>
File: Figures/image.png Graphic file (type png)
<use Figures/image.png>
Package pdftex.def Info: Figures/image.png  used on input line 108.
(pdftex.def)             Requested size: 56.9055pt x 60.467pt.

Overfull \vbox (6.57098pt too high) detected at line 108
 []

[1
Non-PDF special ignored!
<special> header=pstricks.pro
Non-PDF special ignored!
<special> header=pst-algparser.pro
Non-PDF special ignored!
<special> header=pst-tools.pro
Non-PDF special ignored!
<special> header=pst-dots.pro

Non-PDF special ignored!
<special> ps: /pssetRGBcolor /setrgbcolor load def /pssetCMYKcolor /setcmyk...
Non-PDF special ignored!
<special> ps:tx@Dict begin  gsave STV CP T /ps@rot 0 def grestore  end
Non-PDF special ignored!
<special> ps:tx@Dict begin  gsave STV CP T /ps@refangle 0.  def grestore  e...
{/usr/local/texlive/2018/texmf-var/fonts/map/pdftex/updmap/pdftex.map} <./Figur
es/image.png>]
<Figures/SNP.pdf, id=55, 1425.46162pt x 943.525pt>
File: Figures/SNP.pdf Graphic file (type pdf)
<use Figures/SNP.pdf>
Package pdftex.def Info: Figures/SNP.pdf  used on input line 136.
(pdftex.def)             Requested size: 307.28987pt x 203.38661pt.
 [2

 <./Figures/SNP.pdf>]
<Figures/PCA.png, id=93, 500.87125pt x 374.39874pt>
File: Figures/PCA.png Graphic file (type png)
<use Figures/PCA.png>
Package pdftex.def Info: Figures/PCA.png  used on input line 148.
(pdftex.def)             Requested size: 215.10196pt x 160.78836pt.
 [3

 <./Figures/PCA.png>]
LaTeX Font Info:    Try loading font information for OT1+lmr on input line 161.


(/usr/local/texlive/2018/texmf-dist/tex/latex/lm/ot1lmr.fd
File: ot1lmr.fd 2009/10/30 v1.6 Font defs for Latin Modern
)
LaTeX Font Info:    Try loading font information for OML+lmm on input line 161.


(/usr/local/texlive/2018/texmf-dist/tex/latex/lm/omllmm.fd
File: omllmm.fd 2009/10/30 v1.6 Font defs for Latin Modern
)
LaTeX Font Info:    Try loading font information for OMS+lmsy on input line 161
.

(/usr/local/texlive/2018/texmf-dist/tex/latex/lm/omslmsy.fd
File: omslmsy.fd 2009/10/30 v1.6 Font defs for Latin Modern
)
LaTeX Font Info:    Try loading font information for OMX+lmex on input line 161
.

(/usr/local/texlive/2018/texmf-dist/tex/latex/lm/omxlmex.fd
File: omxlmex.fd 2009/10/30 v1.6 Font defs for Latin Modern
)
LaTeX Font Info:    External font `lmex10' loaded for size
(Font)              <10> on input line 161.
LaTeX Font Info:    External font `lmex10' loaded for size
(Font)              <7> on input line 161.
LaTeX Font Info:    External font `lmex10' loaded for size
(Font)              <5> on input line 161.
LaTeX Font Info:    Try loading font information for U+msa on input line 161.

(/usr/local/texlive/2018/texmf-dist/tex/latex/amsfonts/umsa.fd
File: umsa.fd 2013/01/14 v3.01 AMS symbols A
)
LaTeX Font Info:    Try loading font information for U+msb on input line 161.

(/usr/local/texlive/2018/texmf-dist/tex/latex/amsfonts/umsb.fd
File: umsb.fd 2013/01/14 v3.01 AMS symbols B
)
LaTeX Font Info:    Try loading font information for U+rsfs on input line 161.

(/usr/local/texlive/2018/texmf-dist/tex/latex/jknapltx/ursfs.fd
File: ursfs.fd 1998/03/24 rsfs font definition file (jk)
)
LaTeX Font Info:    Try loading font information for U+stmry on input line 161.


(/usr/local/texlive/2018/texmf-dist/tex/latex/stmaryrd/Ustmry.fd)
<Figures/defn.png, id=122, 693.59125pt x 159.59625pt>
File: Figures/defn.png Graphic file (type png)
<use Figures/defn.png>
Package pdftex.def Info: Figures/defn.png  used on input line 161.
(pdftex.def)             Requested size: 276.559pt x 63.63766pt.
 [4

 <./Figures/defn.png>]
<Figures/example.pdf, id=163, 558.74481pt x 125.61893pt>
File: Figures/example.pdf Graphic file (type pdf)
<use Figures/example.pdf>
Package pdftex.def Info: Figures/example.pdf  used on input line 172.
(pdftex.def)             Requested size: 307.28987pt x 69.0887pt.
 [5

 <./Figures/example.pdf>] [6

]
<Figures/NP.png, id=242, 350.30875pt x 416.55624pt>
File: Figures/NP.png Graphic file (type png)
<use Figures/NP.png>
Package pdftex.def Info: Figures/NP.png  used on input line 221.
(pdftex.def)             Requested size: 85.35826pt x 101.501pt.
 [7

 <./Figures/NP.png>]
<Figures/svd.pdf, id=275, 604.42407pt x 305.37022pt>
File: Figures/svd.pdf Graphic file (type pdf)
<use Figures/svd.pdf>
Package pdftex.def Info: Figures/svd.pdf  used on input line 240.
(pdftex.def)             Requested size: 276.559pt x 139.72647pt.
 [8

 <./Figures/svd.pdf>]
<Figures/CP_decomp2.pdf, id=335, 510.71472pt x 135.42381pt>
File: Figures/CP_decomp2.pdf Graphic file (type pdf)
<use Figures/CP_decomp2.pdf>
Package pdftex.def Info: Figures/CP_decomp2.pdf  used on input line 256.
(pdftex.def)             Requested size: 199.16928pt x 52.813pt.
<Figures/HOSVD.pdf, id=336, 467.68648pt x 226.60019pt>
File: Figures/HOSVD.pdf Graphic file (type pdf)
<use Figures/HOSVD.pdf>
Package pdftex.def Info: Figures/HOSVD.pdf  used on input line 256.
(pdftex.def)             Requested size: 170.71652pt x 82.71356pt.
 [9

 <./Figures/CP_decomp2.pdf> <./Figures/HOSVD.pdf

pdfTeX warning: /Library/TeX/texbin/pdflatex (file ./Figures/HOSVD.pdf): PDF in
clusion: multiple pdfs with page group included in a single page
>]
<Figures/signalnoise.pdf, id=414, 766.49251pt x 243.40546pt>
File: Figures/signalnoise.pdf Graphic file (type pdf)
<use Figures/signalnoise.pdf>
Package pdftex.def Info: Figures/signalnoise.pdf  used on input line 268.
(pdftex.def)             Requested size: 307.28987pt x 97.58328pt.
 [10

 <./Figures/signalnoise.pdf>]
<Figures/classic.pdf, id=471, 2207.75377pt x 536.78564pt>
File: Figures/classic.pdf Graphic file (type pdf)
<use Figures/classic.pdf>
Package pdftex.def Info: Figures/classic.pdf  used on input line 285.
(pdftex.def)             Requested size: 307.28987pt x 74.70717pt.
 [11

 <./Figures/classic.pdf>]
<Figures/example1.pdf, id=536, 241.934pt x 212.86035pt>
File: Figures/example1.pdf Graphic file (type pdf)
<use Figures/example1.pdf>
Package pdftex.def Info: Figures/example1.pdf  used on input line 324.
(pdftex.def)             Requested size: 107.55098pt x 94.62672pt.


Package amsmath Warning: Foreign command \over;
(amsmath)                \frac or \genfrac should be used instead
(amsmath)                 on input line 324.

<Figures/example2.pdf, id=537, 263.42186pt x 201.03586pt>
File: Figures/example2.pdf Graphic file (type pdf)
<use Figures/example2.pdf>
Package pdftex.def Info: Figures/example2.pdf  used on input line 324.
(pdftex.def)             Requested size: 118.30673pt x 90.29044pt.
[12

 <./Figures/example1.pdf> <./Figures/example2.pdf

pdfTeX warning: /Library/TeX/texbin/pdflatex (file ./Figures/example2.pdf): PDF
 inclusion: multiple pdfs with page group included in a single page
>]
File: Figures/example1.pdf Graphic file (type pdf)
<use Figures/example1.pdf>
Package pdftex.def Info: Figures/example1.pdf  used on input line 324.
(pdftex.def)             Requested size: 107.55098pt x 94.62672pt.
File: Figures/example2.pdf Graphic file (type pdf)
<use Figures/example2.pdf>
Package pdftex.def Info: Figures/example2.pdf  used on input line 324.
(pdftex.def)             Requested size: 118.30673pt x 90.29044pt.
 [13

] [14

] [15

]
File: Figures/signalnoise.pdf Graphic file (type pdf)
<use Figures/signalnoise.pdf>
Package pdftex.def Info: Figures/signalnoise.pdf  used on input line 360.
(pdftex.def)             Requested size: 307.28987pt x 97.58328pt.
 [16

]
<Figures/signrank_new.pdf, id=694, 2894.49348pt x 414.04688pt>
File: Figures/signrank_new.pdf Graphic file (type pdf)
<use Figures/signrank_new.pdf>
Package pdftex.def Info: Figures/signrank_new.pdf  used on input line 380.
(pdftex.def)             Requested size: 276.559pt x 39.55598pt.
 [17

 <./Figures/signrank_new.pdf>]
LaTeX Font Info:    External font `lmex10' loaded for size
(Font)              <9> on input line 399.
LaTeX Font Info:    External font `lmex10' loaded for size
(Font)              <6> on input line 399.


LaTeX Font Warning: Command \small invalid in math mode on input line 399.

[18

]
<Figures/mainidea_step1.pdf, id=863, 2324.22234pt x 1579.49092pt>
File: Figures/mainidea_step1.pdf Graphic file (type pdf)
<use Figures/mainidea_step1.pdf>
Package pdftex.def Info: Figures/mainidea_step1.pdf  used on input line 407.
(pdftex.def)             Requested size: 307.28987pt x 208.81158pt.
 [19

 <./Figures/mainidea_step1.pdf>]
<Figures/mainidea.pdf, id=1052, 2324.22234pt x 1579.49092pt>
File: Figures/mainidea.pdf Graphic file (type pdf)
<use Figures/mainidea.pdf>
Package pdftex.def Info: Figures/mainidea.pdf  used on input line 413.
(pdftex.def)             Requested size: 307.28987pt x 208.81158pt.
 [20

 <./Figures/mainidea.pdf>]
<Figures/representation.pdf, id=1311, 2282.98257pt x 689.61546pt>
File: Figures/representation.pdf Graphic file (type pdf)
<use Figures/representation.pdf>
Package pdftex.def Info: Figures/representation.pdf  used on input line 427.
(pdftex.def)             Requested size: 307.28987pt x 92.82048pt.
 [21

 <./Figures/representation.pdf>]
<Figures/weightedclassification.pdf, id=1484, 2144.89735pt x 612.64185pt>
File: Figures/weightedclassification.pdf Graphic file (type pdf)
<use Figures/weightedclassification.pdf>
Package pdftex.def Info: Figures/weightedclassification.pdf  used on input line
 441.
(pdftex.def)             Requested size: 307.28987pt x 87.76978pt.
 [22

 <./Figures/weightedclassification.pdf>]
LaTeX Font Info:    External font `lmex10' loaded for size
(Font)              <12> on input line 463.
LaTeX Font Info:    External font `lmex10' loaded for size
(Font)              <8> on input line 463.
<Figures/cdf_new.pdf, id=1592, 1429.18219pt x 280.03648pt>
File: Figures/cdf_new.pdf Graphic file (type pdf)
<use Figures/cdf_new.pdf>
Package pdftex.def Info: Figures/cdf_new.pdf  used on input line 463.
(pdftex.def)             Requested size: 307.28987pt x 60.21094pt.

[23

 <./Figures/cdf_new.pdf>]
File: Figures/cdf_new.pdf Graphic file (type pdf)
<use Figures/cdf_new.pdf>
Package pdftex.def Info: Figures/cdf_new.pdf  used on input line 463.
(pdftex.def)             Requested size: 307.28987pt x 60.21094pt.
 [24

]
File: Figures/weightedclassification.pdf Graphic file (type pdf)
<use Figures/weightedclassification.pdf>
Package pdftex.def Info: Figures/weightedclassification.pdf  used on input line
 484.
(pdftex.def)             Requested size: 307.28987pt x 87.76978pt.
 [25

] [26

]
<Figures/aggregation.pdf, id=1904, 2294.10983pt x 616.53836pt>
File: Figures/aggregation.pdf Graphic file (type pdf)
<use Figures/aggregation.pdf>
Package pdftex.def Info: Figures/aggregation.pdf  used on input line 522.
(pdftex.def)             Requested size: 276.559pt x 74.32008pt.
<Figures/cdf_new_ave.pdf, id=1905, 468.77478pt x 242.82109pt>
File: Figures/cdf_new_ave.pdf Graphic file (type pdf)
<use Figures/cdf_new_ave.pdf>
Package pdftex.def Info: Figures/cdf_new_ave.pdf  used on input line 522.
(pdftex.def)             Requested size: 122.91406pt x 63.66553pt.

Overfull \vbox (4.71338pt too high) detected at line 522
 []

[27

 <./Figures/aggregation.pdf> <./Figures/cdf_new_ave.pdf

pdfTeX warning: /Library/TeX/texbin/pdflatex (file ./Figures/cdf_new_ave.pdf): 
PDF inclusion: multiple pdfs with page group included in a single page
>]
Overfull \vbox (17.18307pt too high) detected at line 542
 []

[28

]
<Figures/simulation_new.pdf, id=2198, 485.59254pt x 100.3772pt>
File: Figures/simulation_new.pdf Graphic file (type pdf)
<use Figures/simulation_new.pdf>
Package pdftex.def Info: Figures/simulation_new.pdf  used on input line 563.
(pdftex.def)             Requested size: 307.28987pt x 63.52284pt.
<Figures/fig1-4v2.pdf, id=2199, 985.89778pt x 221.31212pt>
File: Figures/fig1-4v2.pdf Graphic file (type pdf)
<use Figures/fig1-4v2.pdf>
Package pdftex.def Info: Figures/fig1-4v2.pdf  used on input line 563.
(pdftex.def)             Requested size: 307.28987pt x 68.98088pt.
 [29

 <./Figures/simulation_new.pdf> <./Figures/fig1-4v2.pdf

pdfTeX warning: /Library/TeX/texbin/pdflatex (file ./Figures/fig1-4v2.pdf): PDF
 inclusion: multiple pdfs with page group included in a single page
>]
File: Figures/simulation_new.pdf Graphic file (type pdf)
<use Figures/simulation_new.pdf>
Package pdftex.def Info: Figures/simulation_new.pdf  used on input line 563.
(pdftex.def)             Requested size: 307.28987pt x 63.52284pt.
File: Figures/fig1-4v2.pdf Graphic file (type pdf)
<use Figures/fig1-4v2.pdf>
Package pdftex.def Info: Figures/fig1-4v2.pdf  used on input line 563.
(pdftex.def)             Requested size: 307.28987pt x 68.98088pt.
 [30

]
File: Figures/simulation_new.pdf Graphic file (type pdf)
<use Figures/simulation_new.pdf>
Package pdftex.def Info: Figures/simulation_new.pdf  used on input line 579.
(pdftex.def)             Requested size: 307.28987pt x 63.52284pt.
<Figures/fig5-8v2.pdf, id=2460, 1028.77206pt x 215.37738pt>
File: Figures/fig5-8v2.pdf Graphic file (type pdf)
<use Figures/fig5-8v2.pdf>
Package pdftex.def Info: Figures/fig5-8v2.pdf  used on input line 579.
(pdftex.def)             Requested size: 307.28987pt x 64.33107pt.
 [31

 <./Figures/fig5-8v2.pdf>]
<Figures/ndataset.pdf, id=2647, 3256.87909pt x 910.88725pt>
File: Figures/ndataset.pdf Graphic file (type pdf)
<use Figures/ndataset.pdf>
Package pdftex.def Info: Figures/ndataset.pdf  used on input line 596.
(pdftex.def)             Requested size: 307.28987pt x 85.93753pt.
 [32

 <./Figures/ndataset.pdf>]
<Figures/braindata.pdf, id=4689, 953.21072pt x 921.54518pt>
File: Figures/braindata.pdf Graphic file (type pdf)
<use Figures/braindata.pdf>
Package pdftex.def Info: Figures/braindata.pdf  used on input line 627.
(pdftex.def)             Requested size: 64.53293pt x 62.37738pt.
<Figures/brainIQ.pdf, id=4690, 534.74782pt x 524.49852pt>
File: Figures/brainIQ.pdf Graphic file (type pdf)
<use Figures/brainIQ.pdf>
Package pdftex.def Info: Figures/brainIQ.pdf  used on input line 627.
(pdftex.def)             Requested size: 122.91406pt x 120.55208pt.
 [33

 <./Figures/braindata.pdf> <./Figures/brainIQ.pdf

pdfTeX warning: /Library/TeX/texbin/pdflatex (file ./Figures/brainIQ.pdf): PDF 
inclusion: multiple pdfs with page group included in a single page
>]
<Figures/nipsdata.pdf, id=4749, 848.98956pt x 892.16888pt>
File: Figures/nipsdata.pdf Graphic file (type pdf)
<use Figures/nipsdata.pdf>
Package pdftex.def Info: Figures/nipsdata.pdf  used on input line 660.
(pdftex.def)             Requested size: 64.53293pt x 67.80826pt.

Underfull \hbox (badness 1048) in paragraph at lines 660--660
[]\OT1/lmss/m/n/10 The NIPS dataset con-sists of word oc-cur-rence
 []

<Figures/signal.pdf, id=4750, 763.04997pt x 705.71466pt>
File: Figures/signal.pdf Graphic file (type pdf)
<use Figures/signal.pdf>
Package pdftex.def Info: Figures/signal.pdf  used on input line 660.
(pdftex.def)             Requested size: 122.91406pt x 113.67043pt.
[34

 <./Figures/nipsdata.pdf> <./Figures/signal.pdf

pdfTeX warning: /Library/TeX/texbin/pdflatex (file ./Figures/signal.pdf): PDF i
nclusion: multiple pdfs with page group included in a single page
>]
LaTeX Font Info:    Font shape `OT1/lmss/m/it' in size <7> not available
(Font)              Font shape `OT1/lmss/m/sl' tried instead on input line 688.

File: Figures/signal.pdf Graphic file (type pdf)
<use Figures/signal.pdf>
Package pdftex.def Info: Figures/signal.pdf  used on input line 688.
(pdftex.def)             Requested size: 153.64493pt x 142.0988pt.
 [35

]
<Figures/cvtable.pdf, id=4840, 835.12pt x 232.87pt>
File: Figures/cvtable.pdf Graphic file (type pdf)
<use Figures/cvtable.pdf>
Package pdftex.def Info: Figures/cvtable.pdf  used on input line 701.
(pdftex.def)             Requested size: 307.28987pt x 85.68794pt.
 [36

 <./Figures/cvtable.pdf>]
<Figures/imgdata.pdf, id=4873, 786.79547pt x 817.47038pt>
File: Figures/imgdata.pdf Graphic file (type pdf)
<use Figures/imgdata.pdf>
Package pdftex.def Info: Figures/imgdata.pdf  used on input line 723.
(pdftex.def)             Requested size: 61.45703pt x 63.85223pt.
<Figures/imageresult.pdf, id=4874, 1592.94672pt x 827.57552pt>
File: Figures/imageresult.pdf Graphic file (type pdf)
<use Figures/imageresult.pdf>
Package pdftex.def Info: Figures/imageresult.pdf  used on input line 723.
(pdftex.def)             Requested size: 307.28987pt x 159.64026pt.

Overfull \vbox (12.4943pt too high) detected at line 723
 []

[37

 <./Figures/imgdata.pdf> <./Figures/imageresult.pdf

pdfTeX warning: /Library/TeX/texbin/pdflatex (file ./Figures/imageresult.pdf): 
PDF inclusion: multiple pdfs with page group included in a single page
>] [38

]

Package hyperref Warning: Token not allowed in a PDF string (PDFDocEncoding):
(hyperref)                removing `\translate ' on input line 749.

<Figures/algorithm.pdf, id=6001, 455.30101pt x 202.356pt>
File: Figures/algorithm.pdf Graphic file (type pdf)
<use Figures/algorithm.pdf>
Package pdftex.def Info: Figures/algorithm.pdf  used on input line 752.
(pdftex.def)             Requested size: 307.28987pt x 136.57822pt.
[39

 <./Figures/algorithm.pdf>] [40

] (./talk_signT_full.bbl) [41

]
\tf@nav=\write6
\openout6 = `talk_signT_full.nav'.

\tf@toc=\write7
\openout7 = `talk_signT_full.toc'.

\tf@snm=\write8
\openout8 = `talk_signT_full.snm'.

Package atveryend Info: Empty hook `BeforeClearDocument' on input line 803.
Package atveryend Info: Empty hook `AfterLastShipout' on input line 803.

(./talk_signT_full.aux)
Package atveryend Info: Executing hook `AtVeryEndDocument' on input line 803.
Package atveryend Info: Executing hook `AtEndAfterFileList' on input line 803.
Package rerunfilecheck Info: File `talk_signT_full.out' has not changed.
(rerunfilecheck)             Checksum: D9694BC855D0C50CCAD6B8D6DEDF7609;41.
 ) 
Here is how much of TeX's memory you used:
 25637 strings out of 492649
 490599 string characters out of 6129622
 597365 words of memory out of 5000000
 28755 multiletter control sequences out of 15000+600000
 90692 words of font info for 99 fonts, out of 8000000 for 9000
 1141 hyphenation exceptions out of 8191
 48i,20n,65p,818b,725s stack positions out of 5000i,500n,10000p,200000b,80000s
{/usr/local/texlive/2018/texmf-dist/fonts/enc/dvips/lm/lm-rm.enc}{/usr/local/
texlive/2018/texmf-dist/fonts/enc/dvips/lm/lm-mathsy.enc}{/usr/local/texlive/20
18/texmf-dist/fonts/enc/dvips/lm/lm-mathit.enc}{/usr/local/texlive/2018/texmf-d
ist/fonts/enc/dvips/lm/lm-mathex.enc}</usr/local/texlive/2018/texmf-dist/fonts/
type1/public/amsfonts/cm/cmbx10.pfb></usr/local/texlive/2018/texmf-dist/fonts/t
ype1/public/amsfonts/cm/cmex10.pfb></usr/local/texlive/2018/texmf-dist/fonts/ty
pe1/public/amsfonts/cm/cmmi10.pfb></usr/local/texlive/2018/texmf-dist/fonts/typ
e1/public/amsfonts/cm/cmmi5.pfb></usr/local/texlive/2018/texmf-dist/fonts/type1
/public/amsfonts/cm/cmmi7.pfb></usr/local/texlive/2018/texmf-dist/fonts/type1/p
ublic/amsfonts/cm/cmmib10.pfb></usr/local/texlive/2018/texmf-dist/fonts/type1/p
ublic/amsfonts/cmextra/cmmib7.pfb></usr/local/texlive/2018/texmf-dist/fonts/typ
e1/public/amsfonts/cm/cmr10.pfb></usr/local/texlive/2018/texmf-dist/fonts/type1
/public/amsfonts/cm/cmr7.pfb></usr/local/texlive/2018/texmf-dist/fonts/type1/pu
blic/amsfonts/cm/cmr8.pfb></usr/local/texlive/2018/texmf-dist/fonts/type1/publi
c/amsfonts/cm/cmsy10.pfb></usr/local/texlive/2018/texmf-dist/fonts/type1/public
/amsfonts/cm/cmsy5.pfb></usr/local/texlive/2018/texmf-dist/fonts/type1/public/a
msfonts/cm/cmsy7.pfb></usr/local/texlive/2018/texmf-dist/fonts/type1/public/lm/
lmbx10.pfb></usr/local/texlive/2018/texmf-dist/fonts/type1/public/lm/lmex10.pfb
></usr/local/texlive/2018/texmf-dist/fonts/type1/public/lm/lmmi10.pfb></usr/loc
al/texlive/2018/texmf-dist/fonts/type1/public/lm/lmmi12.pfb></usr/local/texlive
/2018/texmf-dist/fonts/type1/public/lm/lmmi5.pfb></usr/local/texlive/2018/texmf
-dist/fonts/type1/public/lm/lmmi6.pfb></usr/local/texlive/2018/texmf-dist/fonts
/type1/public/lm/lmmi7.pfb></usr/local/texlive/2018/texmf-dist/fonts/type1/publ
ic/lm/lmmi9.pfb></usr/local/texlive/2018/texmf-dist/fonts/type1/public/lm/lmmib
10.pfb></usr/local/texlive/2018/texmf-dist/fonts/type1/public/lm/lmr10.pfb></us
r/local/texlive/2018/texmf-dist/fonts/type1/public/lm/lmr5.pfb></usr/local/texl
ive/2018/texmf-dist/fonts/type1/public/lm/lmr6.pfb></usr/local/texlive/2018/tex
mf-dist/fonts/type1/public/lm/lmr7.pfb></usr/local/texlive/2018/texmf-dist/font
s/type1/public/lm/lmr9.pfb></usr/local/texlive/2018/texmf-dist/fonts/type1/publ
ic/lm/lmss10.pfb></usr/local/texlive/2018/texmf-dist/fonts/type1/public/lm/lmss
12.pfb></usr/local/texlive/2018/texmf-dist/fonts/type1/public/lm/lmss8.pfb></us
r/local/texlive/2018/texmf-dist/fonts/type1/public/lm/lmss9.pfb></usr/local/tex
live/2018/texmf-dist/fonts/type1/public/lm/lmssbx10.pfb></usr/local/texlive/201
8/texmf-dist/fonts/type1/public/lm/lmsso8.pfb></usr/local/texlive/2018/texmf-di
st/fonts/type1/public/lm/lmsy10.pfb></usr/local/texlive/2018/texmf-dist/fonts/t
ype1/public/lm/lmsy5.pfb></usr/local/texlive/2018/texmf-dist/fonts/type1/public
/lm/lmsy7.pfb></usr/local/texlive/2018/texmf-dist/fonts/type1/public/lm/lmsy9.p
fb></usr/local/texlive/2018/texmf-dist/fonts/type1/public/amsfonts/symbols/msam
10.pfb></usr/local/texlive/2018/texmf-dist/fonts/type1/public/amsfonts/symbols/
msam5.pfb></usr/local/texlive/2018/texmf-dist/fonts/type1/public/amsfonts/symbo
ls/msam7.pfb></usr/local/texlive/2018/texmf-dist/fonts/type1/public/amsfonts/sy
mbols/msbm10.pfb></usr/local/texlive/2018/texmf-dist/fonts/type1/public/amsfont
s/symbols/msbm7.pfb></usr/local/texlive/2018/texmf-dist/fonts/type1/public/rsfs
/rsfs10.pfb></usr/local/texlive/2018/texmf-dist/fonts/type1/public/stmaryrd/stm
ary10.pfb>
Output written on talk_signT_full.pdf (41 pages, 6835538 bytes).
PDF statistics:
 6297 PDF objects out of 7423 (max. 8388607)
 4503 compressed objects within 46 object streams
 92 named destinations out of 1000 (max. 500000)
 216 words of extra memory for PDF output out of 10000 (max. 10000000)

